android/app/property(org.gradle.api.file.Directory, fixed(class org.gradle.api.internal.file.DefaultFilePropertyFactory$FixedDirectory, /Users/apple/Desktop/bpexch/build))/app/intermediates/manifest_merge_blame_file/debug/manifest-merger-blame-debug-report.txt
1<?xml version="1.0" encoding="utf-8"?>
2<manifest xmlns:android="http://schemas.android.com/apk/res/android"
3    package="com.bpexch"
4    android:versionCode="1"
5    android:versionName="1.0.0" >
6
7    <uses-sdk
8        android:minSdkVersion="21"
9        android:targetSdkVersion="34" />
10    <!--
11         The INTERNET permission is required for development. Specifically,
12         the Flutter tool needs it to communicate with the running application
13         to allow setting breakpoints, to provide hot reload, etc.
14    -->
15    <uses-permission android:name="android.permission.INTERNET" />
15-->src/main/AndroidManifest.xml:3:5-66
15-->src/main/AndroidManifest.xml:3:22-64
16    <uses-permission android:name="android.permission.WRITE_EXTERNAL_STORAGE" />
16-->src/main/AndroidManifest.xml:4:5-80
16-->src/main/AndroidManifest.xml:4:22-78
17    <uses-permission
17-->src/main/AndroidManifest.xml:5:5-79
18        android:name="android.permission.READ_EXTERNAL_STORAGE"
18-->src/main/AndroidManifest.xml:5:22-77
19        android:maxSdkVersion="32" />
19-->[:file_picker] AndroidManifest.xml:9:9-35
20    <!--
21 Required to query activities that can process text, see:
22         https://developer.android.com/training/package-visibility and
23         https://developer.android.com/reference/android/content/Intent#ACTION_PROCESS_TEXT.
24
25         In particular, this is used by the Flutter engine in io.flutter.plugin.text.ProcessTextPlugin.
26    -->
27    <queries>
27-->src/main/AndroidManifest.xml:29:5-34:15
28        <intent>
28-->src/main/AndroidManifest.xml:30:9-33:18
29            <action android:name="android.intent.action.PROCESS_TEXT" />
29-->src/main/AndroidManifest.xml:31:13-72
29-->src/main/AndroidManifest.xml:31:21-70
30
31            <data android:mimeType="text/plain" />
31-->src/main/AndroidManifest.xml:32:13-50
31-->src/main/AndroidManifest.xml:32:19-48
32        </intent>
33        <intent>
33-->[:file_picker] AndroidManifest.xml:12:9-16:18
34            <action android:name="android.intent.action.GET_CONTENT" />
34-->[:file_picker] AndroidManifest.xml:13:13-72
34-->[:file_picker] AndroidManifest.xml:13:21-69
35
36            <data android:mimeType="*/*" />
36-->src/main/AndroidManifest.xml:32:13-50
36-->src/main/AndroidManifest.xml:32:19-48
37        </intent>
38        <intent>
38-->[:flutter_inappwebview_android] AndroidManifest.xml:8:9-10:18
39            <action android:name="android.support.customtabs.action.CustomTabsService" />
39-->[:flutter_inappwebview_android] AndroidManifest.xml:9:13-90
39-->[:flutter_inappwebview_android] AndroidManifest.xml:9:21-87
40        </intent>
41    </queries> <!-- Provide required visibility configuration for API level 30 and above -->
42    <queries>
42-->src/main/AndroidManifest.xml:29:5-34:15
43
44        <!-- If your app checks for SMS support -->
45        <intent>
46            <action android:name="android.intent.action.VIEW" />
47
48            <data android:scheme="sms" />
48-->src/main/AndroidManifest.xml:32:13-50
49        </intent>
50        <!-- If your app checks for call support -->
51        <intent>
52            <action android:name="android.intent.action.VIEW" />
53
54            <data android:scheme="tel" />
54-->src/main/AndroidManifest.xml:32:13-50
55        </intent>
56        <!-- If your application checks for inAppBrowserView launch mode support -->
57        <intent>
57-->[:flutter_inappwebview_android] AndroidManifest.xml:8:9-10:18
58            <action android:name="android.support.customtabs.action.CustomTabsService" />
58-->[:flutter_inappwebview_android] AndroidManifest.xml:9:13-90
58-->[:flutter_inappwebview_android] AndroidManifest.xml:9:21-87
59        </intent>
60    </queries>
61
62    <permission
62-->[androidx.core:core:1.13.1] AndroidManifest.xml:22:5-24:47
63        android:name="com.bpexch.DYNAMIC_RECEIVER_NOT_EXPORTED_PERMISSION"
63-->[androidx.core:core:1.13.1] AndroidManifest.xml:23:9-81
64        android:protectionLevel="signature" />
64-->[androidx.core:core:1.13.1] AndroidManifest.xml:24:9-44
65
66    <uses-permission android:name="com.bpexch.DYNAMIC_RECEIVER_NOT_EXPORTED_PERMISSION" />
66-->[androidx.core:core:1.13.1] AndroidManifest.xml:26:5-97
66-->[androidx.core:core:1.13.1] AndroidManifest.xml:26:22-94
67
68    <application
69        android:name="android.app.Application"
70        android:appComponentFactory="androidx.core.app.CoreComponentFactory"
70-->[androidx.core:core:1.13.1] AndroidManifest.xml:28:18-86
71        android:debuggable="true"
72        android:extractNativeLibs="true"
73        android:icon="@mipmap/ic_launcher"
74        android:label="bpexch"
75        android:requestLegacyExternalStorage="true" >
76        <activity
77            android:name="com.bpexch.MainActivity"
78            android:configChanges="orientation|keyboardHidden|keyboard|screenSize|smallestScreenSize|locale|layoutDirection|fontScale|screenLayout|density|uiMode"
79            android:exported="true"
80            android:hardwareAccelerated="true"
81            android:launchMode="singleTop"
82            android:taskAffinity=""
83            android:theme="@style/LaunchTheme"
84            android:windowSoftInputMode="adjustResize" >
85
86            <!--
87                 Specifies an Android theme to apply to this Activity as soon as
88                 the Android process has started. This theme is visible to the user
89                 while the Flutter UI initializes. After that, this theme continues
90                 to determine the Window background behind the Flutter UI.
91            -->
92            <meta-data
93                android:name="io.flutter.embedding.android.NormalTheme"
94                android:resource="@style/NormalTheme" />
95
96            <intent-filter>
97                <action android:name="android.intent.action.MAIN" />
98
99                <category android:name="android.intent.category.LAUNCHER" />
100            </intent-filter>
101        </activity>
102        <!--
103             Don't delete the meta-data below.
104             This is used by the Flutter tool to generate GeneratedPluginRegistrant.java
105        -->
106        <meta-data
107            android:name="flutterEmbedding"
108            android:value="2" />
109
110        <activity
110-->[:flutter_inappwebview_android] AndroidManifest.xml:14:9-18:47
111            android:name="com.pichillilorenzo.flutter_inappwebview_android.in_app_browser.InAppBrowserActivity"
111-->[:flutter_inappwebview_android] AndroidManifest.xml:15:13-112
112            android:configChanges="orientation|keyboardHidden|keyboard|screenSize|locale|layoutDirection|fontScale|screenLayout|density"
112-->[:flutter_inappwebview_android] AndroidManifest.xml:16:13-137
113            android:exported="false"
113-->[:flutter_inappwebview_android] AndroidManifest.xml:17:13-37
114            android:theme="@style/AppTheme" />
114-->[:flutter_inappwebview_android] AndroidManifest.xml:18:13-44
115        <activity
115-->[:flutter_inappwebview_android] AndroidManifest.xml:19:9-22:55
116            android:name="com.pichillilorenzo.flutter_inappwebview_android.chrome_custom_tabs.ChromeCustomTabsActivity"
116-->[:flutter_inappwebview_android] AndroidManifest.xml:20:13-120
117            android:exported="false"
117-->[:flutter_inappwebview_android] AndroidManifest.xml:21:13-37
118            android:theme="@style/ThemeTransparent" />
118-->[:flutter_inappwebview_android] AndroidManifest.xml:22:13-52
119        <activity
119-->[:flutter_inappwebview_android] AndroidManifest.xml:23:9-26:55
120            android:name="com.pichillilorenzo.flutter_inappwebview_android.chrome_custom_tabs.TrustedWebActivity"
120-->[:flutter_inappwebview_android] AndroidManifest.xml:24:13-114
121            android:exported="false"
121-->[:flutter_inappwebview_android] AndroidManifest.xml:25:13-37
122            android:theme="@style/ThemeTransparent" />
122-->[:flutter_inappwebview_android] AndroidManifest.xml:26:13-52
123        <activity
123-->[:flutter_inappwebview_android] AndroidManifest.xml:27:9-31:55
124            android:name="com.pichillilorenzo.flutter_inappwebview_android.chrome_custom_tabs.ChromeCustomTabsActivitySingleInstance"
124-->[:flutter_inappwebview_android] AndroidManifest.xml:28:13-134
125            android:exported="false"
125-->[:flutter_inappwebview_android] AndroidManifest.xml:29:13-37
126            android:launchMode="singleInstance"
126-->[:flutter_inappwebview_android] AndroidManifest.xml:30:13-48
127            android:theme="@style/ThemeTransparent" />
127-->[:flutter_inappwebview_android] AndroidManifest.xml:31:13-52
128        <activity
128-->[:flutter_inappwebview_android] AndroidManifest.xml:32:9-36:55
129            android:name="com.pichillilorenzo.flutter_inappwebview_android.chrome_custom_tabs.TrustedWebActivitySingleInstance"
129-->[:flutter_inappwebview_android] AndroidManifest.xml:33:13-128
130            android:exported="false"
130-->[:flutter_inappwebview_android] AndroidManifest.xml:34:13-37
131            android:launchMode="singleInstance"
131-->[:flutter_inappwebview_android] AndroidManifest.xml:35:13-48
132            android:theme="@style/ThemeTransparent" />
132-->[:flutter_inappwebview_android] AndroidManifest.xml:36:13-52
133
134        <receiver
134-->[:flutter_inappwebview_android] AndroidManifest.xml:38:9-41:40
135            android:name="com.pichillilorenzo.flutter_inappwebview_android.chrome_custom_tabs.ActionBroadcastReceiver"
135-->[:flutter_inappwebview_android] AndroidManifest.xml:39:13-119
136            android:enabled="true"
136-->[:flutter_inappwebview_android] AndroidManifest.xml:40:13-35
137            android:exported="false" />
137-->[:flutter_inappwebview_android] AndroidManifest.xml:41:13-37
138
139        <meta-data
139-->[:flutter_inappwebview_android] AndroidManifest.xml:43:9-45:36
140            android:name="io.flutter.embedded_views_preview"
140-->[:flutter_inappwebview_android] AndroidManifest.xml:44:13-61
141            android:value="true" />
141-->[:flutter_inappwebview_android] AndroidManifest.xml:45:13-33
142
143        <provider
143-->[:image_picker_android] AndroidManifest.xml:9:9-17:20
144            android:name="io.flutter.plugins.imagepicker.ImagePickerFileProvider"
144-->[:image_picker_android] AndroidManifest.xml:10:13-82
145            android:authorities="com.bpexch.flutter.image_provider"
145-->[:image_picker_android] AndroidManifest.xml:11:13-74
146            android:exported="false"
146-->[:image_picker_android] AndroidManifest.xml:12:13-37
147            android:grantUriPermissions="true" >
147-->[:image_picker_android] AndroidManifest.xml:13:13-47
148            <meta-data
148-->[:image_picker_android] AndroidManifest.xml:14:13-16:75
149                android:name="android.support.FILE_PROVIDER_PATHS"
149-->[:image_picker_android] AndroidManifest.xml:15:17-67
150                android:resource="@xml/flutter_image_picker_file_paths" />
150-->[:image_picker_android] AndroidManifest.xml:16:17-72
151        </provider> <!-- Trigger Google Play services to install the backported photo picker module. -->
152        <service
152-->[:image_picker_android] AndroidManifest.xml:19:9-31:19
153            android:name="com.google.android.gms.metadata.ModuleDependencies"
153-->[:image_picker_android] AndroidManifest.xml:20:13-78
154            android:enabled="false"
154-->[:image_picker_android] AndroidManifest.xml:21:13-36
155            android:exported="false" >
155-->[:image_picker_android] AndroidManifest.xml:22:13-37
156            <intent-filter>
156-->[:image_picker_android] AndroidManifest.xml:24:13-26:29
157                <action android:name="com.google.android.gms.metadata.MODULE_DEPENDENCIES" />
157-->[:image_picker_android] AndroidManifest.xml:25:17-94
157-->[:image_picker_android] AndroidManifest.xml:25:25-91
158            </intent-filter>
159
160            <meta-data
160-->[:image_picker_android] AndroidManifest.xml:28:13-30:36
161                android:name="photopicker_activity:0:required"
161-->[:image_picker_android] AndroidManifest.xml:29:17-63
162                android:value="" />
162-->[:image_picker_android] AndroidManifest.xml:30:17-33
163        </service>
164
165        <activity
165-->[:url_launcher_android] AndroidManifest.xml:8:9-11:74
166            android:name="io.flutter.plugins.urllauncher.WebViewActivity"
166-->[:url_launcher_android] AndroidManifest.xml:9:13-74
167            android:exported="false"
167-->[:url_launcher_android] AndroidManifest.xml:10:13-37
168            android:theme="@android:style/Theme.NoTitleBar.Fullscreen" />
168-->[:url_launcher_android] AndroidManifest.xml:11:13-71
169
170        <uses-library
170-->[androidx.window:window:1.2.0] AndroidManifest.xml:23:9-25:40
171            android:name="androidx.window.extensions"
171-->[androidx.window:window:1.2.0] AndroidManifest.xml:24:13-54
172            android:required="false" />
172-->[androidx.window:window:1.2.0] AndroidManifest.xml:25:13-37
173        <uses-library
173-->[androidx.window:window:1.2.0] AndroidManifest.xml:26:9-28:40
174            android:name="androidx.window.sidecar"
174-->[androidx.window:window:1.2.0] AndroidManifest.xml:27:13-51
175            android:required="false" />
175-->[androidx.window:window:1.2.0] AndroidManifest.xml:28:13-37
176
177        <provider
177-->[androidx.emoji2:emoji2:1.2.0] AndroidManifest.xml:24:9-32:20
178            android:name="androidx.startup.InitializationProvider"
178-->[androidx.emoji2:emoji2:1.2.0] AndroidManifest.xml:25:13-67
179            android:authorities="com.bpexch.androidx-startup"
179-->[androidx.emoji2:emoji2:1.2.0] AndroidManifest.xml:26:13-68
180            android:exported="false" >
180-->[androidx.emoji2:emoji2:1.2.0] AndroidManifest.xml:27:13-37
181            <meta-data
181-->[androidx.emoji2:emoji2:1.2.0] AndroidManifest.xml:29:13-31:52
182                android:name="androidx.emoji2.text.EmojiCompatInitializer"
182-->[androidx.emoji2:emoji2:1.2.0] AndroidManifest.xml:30:17-75
183                android:value="androidx.startup" />
183-->[androidx.emoji2:emoji2:1.2.0] AndroidManifest.xml:31:17-49
184            <meta-data
184-->[androidx.lifecycle:lifecycle-process:2.7.0] AndroidManifest.xml:29:13-31:52
185                android:name="androidx.lifecycle.ProcessLifecycleInitializer"
185-->[androidx.lifecycle:lifecycle-process:2.7.0] AndroidManifest.xml:30:17-78
186                android:value="androidx.startup" />
186-->[androidx.lifecycle:lifecycle-process:2.7.0] AndroidManifest.xml:31:17-49
187            <meta-data
187-->[androidx.profileinstaller:profileinstaller:1.3.1] AndroidManifest.xml:29:13-31:52
188                android:name="androidx.profileinstaller.ProfileInstallerInitializer"
188-->[androidx.profileinstaller:profileinstaller:1.3.1] AndroidManifest.xml:30:17-85
189                android:value="androidx.startup" />
189-->[androidx.profileinstaller:profileinstaller:1.3.1] AndroidManifest.xml:31:17-49
190        </provider>
191
192        <receiver
192-->[androidx.profileinstaller:profileinstaller:1.3.1] AndroidManifest.xml:34:9-52:20
193            android:name="androidx.profileinstaller.ProfileInstallReceiver"
193-->[androidx.profileinstaller:profileinstaller:1.3.1] AndroidManifest.xml:35:13-76
194            android:directBootAware="false"
194-->[androidx.profileinstaller:profileinstaller:1.3.1] AndroidManifest.xml:36:13-44
195            android:enabled="true"
195-->[androidx.profileinstaller:profileinstaller:1.3.1] AndroidManifest.xml:37:13-35
196            android:exported="true"
196-->[androidx.profileinstaller:profileinstaller:1.3.1] AndroidManifest.xml:38:13-36
197            android:permission="android.permission.DUMP" >
197-->[androidx.profileinstaller:profileinstaller:1.3.1] AndroidManifest.xml:39:13-57
198            <intent-filter>
198-->[androidx.profileinstaller:profileinstaller:1.3.1] AndroidManifest.xml:40:13-42:29
199                <action android:name="androidx.profileinstaller.action.INSTALL_PROFILE" />
199-->[androidx.profileinstaller:profileinstaller:1.3.1] AndroidManifest.xml:41:17-91
199-->[androidx.profileinstaller:profileinstaller:1.3.1] AndroidManifest.xml:41:25-88
200            </intent-filter>
201            <intent-filter>
201-->[androidx.profileinstaller:profileinstaller:1.3.1] AndroidManifest.xml:43:13-45:29
202                <action android:name="androidx.profileinstaller.action.SKIP_FILE" />
202-->[androidx.profileinstaller:profileinstaller:1.3.1] AndroidManifest.xml:44:17-85
202-->[androidx.profileinstaller:profileinstaller:1.3.1] AndroidManifest.xml:44:25-82
203            </intent-filter>
204            <intent-filter>
204-->[androidx.profileinstaller:profileinstaller:1.3.1] AndroidManifest.xml:46:13-48:29
205                <action android:name="androidx.profileinstaller.action.SAVE_PROFILE" />
205-->[androidx.profileinstaller:profileinstaller:1.3.1] AndroidManifest.xml:47:17-88
205-->[androidx.profileinstaller:profileinstaller:1.3.1] AndroidManifest.xml:47:25-85
206            </intent-filter>
207            <intent-filter>
207-->[androidx.profileinstaller:profileinstaller:1.3.1] AndroidManifest.xml:49:13-51:29
208                <action android:name="androidx.profileinstaller.action.BENCHMARK_OPERATION" />
208-->[androidx.profileinstaller:profileinstaller:1.3.1] AndroidManifest.xml:50:17-95
208-->[androidx.profileinstaller:profileinstaller:1.3.1] AndroidManifest.xml:50:25-92
209            </intent-filter>
210        </receiver>
211    </application>
212
213</manifest>